<?xml version="1.0" encoding="UTF-8"?>
<!-- Generated by org.testng.reporters.JUnitXMLReporter -->
<testsuite ignored="0" hostname="IB-Pune-LAP-358" failures="0" tests="5" name="Default test" time="7.966" errors="0" timestamp="2022-11-22T10:57:16 IST">
  <testcase classname="ecom.Login" name="logintest" time="3.582"/>
  <testcase classname="ecom.Login" name="createproduct" time="1.327"/>
  <testcase classname="ecom.Login" name="createorder" time="1.297"/>
  <testcase classname="ecom.Login" name="getorder" time="1.045"/>
  <testcase classname="ecom.Login" name="deleteproduct" time="0.648"/>
</testsuite> <!-- Default test -->
