<?xml version="1.0" encoding="UTF-8"?>
<!-- Generated by org.testng.reporters.JUnitXMLReporter -->
<testsuite ignored="0" hostname="IB-Pune-LAP-358" failures="0" tests="5" name="Test" time="7.407" errors="0" timestamp="2022-11-22T10:57:42 IST">
  <testcase classname="ecom.Login" name="logintest" time="3.174"/>
  <testcase classname="ecom.Login" name="createproduct" time="1.043"/>
  <testcase classname="ecom.Login" name="createorder" time="1.148"/>
  <testcase classname="ecom.Login" name="getorder" time="1.13"/>
  <testcase classname="ecom.Login" name="deleteproduct" time="0.852"/>
</testsuite> <!-- Test -->
