<?xml version="1.0" encoding="UTF-8"?>
<!-- Generated by org.testng.reporters.JUnitXMLReporter -->
<testsuite ignored="0" hostname="IB-Pune-LAP-358" failures="0" tests="5" name="Test" time="8.877" errors="0" timestamp="22 Nov 2022 05:34:48 GMT">
  <testcase classname="ecom.Login" name="logintest" time="3.2"/>
  <testcase classname="ecom.Login" name="createproduct" time="1.33"/>
  <testcase classname="ecom.Login" name="createorder" time="1.24"/>
  <testcase classname="ecom.Login" name="getorder" time="2.071"/>
  <testcase classname="ecom.Login" name="deleteproduct" time="0.982"/>
</testsuite> <!-- Test -->
