<?xml version="1.0" encoding="UTF-8"?>
<testng-results ignored="0" total="5" passed="5" failed="0" skipped="0">
  <reporter-output>
  </reporter-output>
  <suite started-at="2022-11-22T05:34:40Z" name="Suite" finished-at="2022-11-22T05:34:48Z" duration-ms="8877">
    <groups>
    </groups>
    <test started-at="2022-11-22T05:34:40Z" name="Test" finished-at="2022-11-22T05:34:48Z" duration-ms="8877">
      <class name="ecom.Login">
        <test-method is-config="true" signature="setup()[pri:0, instance:ecom.Login@35432107]" started-at="2022-11-22T05:34:40Z" name="setup" finished-at="2022-11-22T05:34:40Z" duration-ms="5" status="PASS">
          <reporter-output>
          </reporter-output>
        </test-method> <!-- setup -->
        <test-method signature="logintest(org.testng.ITestContext)[pri:1, instance:ecom.Login@35432107]" started-at="2022-11-22T05:34:40Z" name="logintest" finished-at="2022-11-22T05:34:43Z" duration-ms="3200" status="PASS">
          <params>
            <param index="0">
              <value>
                <![CDATA[org.testng.TestRunner@71c27ee8]]>
              </value>
            </param>
          </params>
          <reporter-output>
          </reporter-output>
        </test-method> <!-- logintest -->
        <test-method is-config="true" signature="setup()[pri:0, instance:ecom.Login@35432107]" started-at="2022-11-22T05:34:43Z" name="setup" finished-at="2022-11-22T05:34:43Z" duration-ms="1" status="PASS">
          <reporter-output>
          </reporter-output>
        </test-method> <!-- setup -->
        <test-method signature="createproduct(org.testng.ITestContext)[pri:2, instance:ecom.Login@35432107]" started-at="2022-11-22T05:34:43Z" name="createproduct" finished-at="2022-11-22T05:34:44Z" duration-ms="1330" status="PASS">
          <params>
            <param index="0">
              <value>
                <![CDATA[org.testng.TestRunner@71c27ee8]]>
              </value>
            </param>
          </params>
          <reporter-output>
          </reporter-output>
        </test-method> <!-- createproduct -->
        <test-method is-config="true" signature="setup()[pri:0, instance:ecom.Login@35432107]" started-at="2022-11-22T05:34:44Z" name="setup" finished-at="2022-11-22T05:34:44Z" duration-ms="2" status="PASS">
          <reporter-output>
          </reporter-output>
        </test-method> <!-- setup -->
        <test-method signature="createorder(org.testng.ITestContext)[pri:3, instance:ecom.Login@35432107]" started-at="2022-11-22T05:34:44Z" name="createorder" finished-at="2022-11-22T05:34:45Z" duration-ms="1240" status="PASS">
          <params>
            <param index="0">
              <value>
                <![CDATA[org.testng.TestRunner@71c27ee8]]>
              </value>
            </param>
          </params>
          <reporter-output>
          </reporter-output>
        </test-method> <!-- createorder -->
        <test-method is-config="true" signature="setup()[pri:0, instance:ecom.Login@35432107]" started-at="2022-11-22T05:34:45Z" name="setup" finished-at="2022-11-22T05:34:45Z" duration-ms="2" status="PASS">
          <reporter-output>
          </reporter-output>
        </test-method> <!-- setup -->
        <test-method signature="getorder(org.testng.ITestContext)[pri:4, instance:ecom.Login@35432107]" started-at="2022-11-22T05:34:45Z" name="getorder" finished-at="2022-11-22T05:34:47Z" duration-ms="2071" status="PASS">
          <params>
            <param index="0">
              <value>
                <![CDATA[org.testng.TestRunner@71c27ee8]]>
              </value>
            </param>
          </params>
          <reporter-output>
          </reporter-output>
        </test-method> <!-- getorder -->
        <test-method is-config="true" signature="setup()[pri:0, instance:ecom.Login@35432107]" started-at="2022-11-22T05:34:47Z" name="setup" finished-at="2022-11-22T05:34:47Z" duration-ms="2" status="PASS">
          <reporter-output>
          </reporter-output>
        </test-method> <!-- setup -->
        <test-method signature="deleteproduct(org.testng.ITestContext)[pri:5, instance:ecom.Login@35432107]" started-at="2022-11-22T05:34:47Z" name="deleteproduct" finished-at="2022-11-22T05:34:48Z" duration-ms="982" status="PASS">
          <params>
            <param index="0">
              <value>
                <![CDATA[org.testng.TestRunner@71c27ee8]]>
              </value>
            </param>
          </params>
          <reporter-output>
          </reporter-output>
        </test-method> <!-- deleteproduct -->
      </class> <!-- ecom.Login -->
    </test> <!-- Test -->
  </suite> <!-- Suite -->
</testng-results>
