<?xml version="1.0" encoding="UTF-8"?>
<testsuite xmlns:xsi="http://www.w3.org/2001/XMLSchema-instance" xsi:noNamespaceSchemaLocation="https://maven.apache.org/surefire/maven-surefire-plugin/xsd/surefire-test-report-3.0.xsd" version="3.0" name="TestSuite" time="11.044" tests="5" errors="0" skipped="0" failures="0">
  <properties>
[...]
</properties>
  <testcase name="logintest[org.testng.TestRunner@71c27ee8](1)" classname="ecom.Login" time="3.2">
    <system-out><![CDATA[[TestNGContentHandler] [WARN] It is strongly recommended to add "<!DOCTYPE suite SYSTEM "http://testng.org/testng-1.0.dtd" >" at the top of your file, otherwise TestNG may fail or not work as expected.
Request method:	POST
Request URI:	https://rahulshettyacademy.com/api/ecom/auth/login
Proxy:			<none>
Request params:	<none>
Query params:	<none>
Form params:	<none>
Path params:	<none>
Headers:		Accept=*/*
				Content-Type=application/json
Cookies:		<none>
Multiparts:		<none>
Body:
{
    "userEmail": "mystudy@gmail.com",
    "userPassword": "Sangola@123"
}
Autorization Token is = > eyJhbGciOiJIUzI1NiIsInR5cCI6IkpXVCJ9.eyJfaWQiOiI2Mzc0NjhmMWQ3Nzc4ZjU3OTczMjBjMWIiLCJ1c2VyRW1haWwiOiJteXN0dWR5QGdtYWlsLmNvbSIsInVzZXJNb2JpbGUiOjg0NDY4MTI5MTYsInVzZXJSb2xlIjoiY3VzdG9tZXIiLCJpYXQiOjE2NjkwOTUyODIsImV4cCI6MTcwMDY1Mjg4Mn0.YLO5OSGwIIAz4ttbkQxlvNdg3uTnhvDFbm3w493pGds
userid is =>637468f1d7778f5797320c1b
---------------------------------------------------------------------------
]]></system-out>
  </testcase>
  <testcase name="createproduct[org.testng.TestRunner@71c27ee8](1)" classname="ecom.Login" time="1.327">
    <system-out><![CDATA[------------------------product create-------------------------------------------
Request method:	POST
Request URI:	https://rahulshettyacademy.com/api/ecom/product/add-product
Proxy:			<none>
Request params:	productName=Samsung tab
				productAddedBy=637468f1d7778f5797320c1b
				productCategory=electronics
				productSubCategory=display
				productPrice=15500
				productDescription=samsung series
				productFor=men
Query params:	<none>
Form params:	<none>
Path params:	<none>
Headers:		Authorization=eyJhbGciOiJIUzI1NiIsInR5cCI6IkpXVCJ9.eyJfaWQiOiI2Mzc0NjhmMWQ3Nzc4ZjU3OTczMjBjMWIiLCJ1c2VyRW1haWwiOiJteXN0dWR5QGdtYWlsLmNvbSIsInVzZXJNb2JpbGUiOjg0NDY4MTI5MTYsInVzZXJSb2xlIjoiY3VzdG9tZXIiLCJpYXQiOjE2NjkwOTUyODIsImV4cCI6MTcwMDY1Mjg4Mn0.YLO5OSGwIIAz4ttbkQxlvNdg3uTnhvDFbm3w493pGds
				Accept=*/*
				Content-Type=multipart/form-data
Cookies:		<none>
Multiparts:		------------
				Content-Disposition: form-data; name = productImage; filename = 2.jpg
				Content-Type: application/octet-stream

				C:\Users\Rushikesh Patil\Desktop\2.jpg
Body:			<none>
HTTP/1.1 201 Created
Date: Tue, 22 Nov 2022 05:34:44 GMT
Server: Apache/2.4.41 (Ubuntu)
Content-Security-Policy: default-src 'self';base-uri 'self';block-all-mixed-content;font-src 'self' https: data:;frame-ancestors 'self';img-src 'self' data:;object-src 'none';script-src 'self';script-src-attr 'none';style-src 'self' https: 'unsafe-inline';upgrade-insecure-requests
X-DNS-Prefetch-Control: off
Expect-CT: max-age=0
X-Frame-Options: SAMEORIGIN
Strict-Transport-Security: max-age=15552000; includeSubDomains
X-Download-Options: noopen
X-Content-Type-Options: nosniff
X-Permitted-Cross-Domain-Policies: none
Referrer-Policy: no-referrer
X-XSS-Protection: 0
Access-Control-Allow-Origin: *
Content-Type: application/json; charset=utf-8
Content-Length: 79
ETag: W/"4f-fHY5FsRWsl0OZTKhhLtpp+zFrFs"
Vary: Accept-Encoding
Keep-Alive: timeout=5, max=100
Connection: Keep-Alive

{
    "productId": "637c5f740162f37cc2ef8a8b",
    "message": "Product Added Successfully"
}
product id  is 637c5f740162f37cc2ef8a8b
---------------------------------------------------------------------------------------
Request method:	POST
Request URI:	https://rahulshettyacademy.com/api/ecom/product/add-product
Proxy:			<none>
Request params:	<none>
Query params:	<none>
Form params:	<none>
Path params:	<none>
Headers:		Authorization=eyJhbGciOiJIUzI1NiIsInR5cCI6IkpXVCJ9.eyJfaWQiOiI2Mzc0NjhmMWQ3Nzc4ZjU3OTczMjBjMWIiLCJ1c2VyRW1haWwiOiJteXN0dWR5QGdtYWlsLmNvbSIsInVzZXJNb2JpbGUiOjg0NDY4MTI5MTYsInVzZXJSb2xlIjoiY3VzdG9tZXIiLCJpYXQiOjE2NjkwOTUyODIsImV4cCI6MTcwMDY1Mjg4Mn0.YLO5OSGwIIAz4ttbkQxlvNdg3uTnhvDFbm3w493pGds
				Accept=*/*
				Content-Type=multipart/form-data; boundary="lMsqzGj5L8QunMtzbBukB0TFW9cIT5k02I_LUR_"
Cookies:		<none>
Multiparts:		------------
				Content-Disposition: form-data; boundary="lMsqzGj5L8QunMtzbBukB0TFW9cIT5k02I_LUR_"; name = productImage; filename = 2.jpg
				Content-Type: application/octet-stream

				C:\Users\Rushikesh Patil\Desktop\2.jpg
				------------
				Content-Disposition: form-data; boundary="lMsqzGj5L8QunMtzbBukB0TFW9cIT5k02I_LUR_"; name = productName; filename = file
				Content-Type: text/plain

				Samsung tab
				------------
				Content-Disposition: form-data; boundary="lMsqzGj5L8QunMtzbBukB0TFW9cIT5k02I_LUR_"; name = productAddedBy; filename = file
				Content-Type: text/plain

				637468f1d7778f5797320c1b
				------------
				Content-Disposition: form-data; boundary="lMsqzGj5L8QunMtzbBukB0TFW9cIT5k02I_LUR_"; name = productCategory; filename = file
				Content-Type: text/plain

				electronics
				------------
				Content-Disposition: form-data; boundary="lMsqzGj5L8QunMtzbBukB0TFW9cIT5k02I_LUR_"; name = productSubCategory; filename = file
				Content-Type: text/plain

				display
				------------
				Content-Disposition: form-data; boundary="lMsqzGj5L8QunMtzbBukB0TFW9cIT5k02I_LUR_"; name = productPrice; filename = file
				Content-Type: text/plain

				15500
				------------
				Content-Disposition: form-data; boundary="lMsqzGj5L8QunMtzbBukB0TFW9cIT5k02I_LUR_"; name = productDescription; filename = file
				Content-Type: text/plain

				samsung series
				------------
				Content-Disposition: form-data; boundary="lMsqzGj5L8QunMtzbBukB0TFW9cIT5k02I_LUR_"; name = productFor; filename = file
				Content-Type: text/plain

				men
Body:			<none>
The response time is 460 ms
]]></system-out>
  </testcase>
  <testcase name="createorder[org.testng.TestRunner@71c27ee8](1)" classname="ecom.Login" time="1.239">
    <system-out><![CDATA[------------------------order create-------------------------------------------
Request method:	POST
Request URI:	https://rahulshettyacademy.com/api/ecom/order/create-order
Proxy:			<none>
Request params:	<none>
Query params:	<none>
Form params:	<none>
Path params:	<none>
Headers:		Authorization=eyJhbGciOiJIUzI1NiIsInR5cCI6IkpXVCJ9.eyJfaWQiOiI2Mzc0NjhmMWQ3Nzc4ZjU3OTczMjBjMWIiLCJ1c2VyRW1haWwiOiJteXN0dWR5QGdtYWlsLmNvbSIsInVzZXJNb2JpbGUiOjg0NDY4MTI5MTYsInVzZXJSb2xlIjoiY3VzdG9tZXIiLCJpYXQiOjE2NjkwOTUyODIsImV4cCI6MTcwMDY1Mjg4Mn0.YLO5OSGwIIAz4ttbkQxlvNdg3uTnhvDFbm3w493pGds
				Accept=*/*
				Content-Type=application/json
Cookies:		<none>
Multiparts:		<none>
Body:
{
    "orders": [
        {
            "country": "india",
            "productOrderedId": "637c5f740162f37cc2ef8a8b"
        }
    ]
}
HTTP/1.1 201 Created
Date: Tue, 22 Nov 2022 05:34:45 GMT
Server: Apache/2.4.41 (Ubuntu)
Content-Security-Policy: default-src 'self';base-uri 'self';block-all-mixed-content;font-src 'self' https: data:;frame-ancestors 'self';img-src 'self' data:;object-src 'none';script-src 'self';script-src-attr 'none';style-src 'self' https: 'unsafe-inline';upgrade-insecure-requests
X-DNS-Prefetch-Control: off
Expect-CT: max-age=0
X-Frame-Options: SAMEORIGIN
Strict-Transport-Security: max-age=15552000; includeSubDomains
X-Download-Options: noopen
X-Content-Type-Options: nosniff
X-Permitted-Cross-Domain-Policies: none
Referrer-Policy: no-referrer
X-XSS-Protection: 0
Access-Control-Allow-Origin: *
Content-Type: application/json; charset=utf-8
Content-Length: 123
ETag: W/"7b-r/d+mZhXmS0rEypRZ3VDQIdLUgA"
Vary: Accept-Encoding
Keep-Alive: timeout=5, max=100
Connection: Keep-Alive

{
    "orders": [
        "637c5f750162f37cc2ef8a95"
    ],
    "productOrderId": [
        "637c5f740162f37cc2ef8a8b"
    ],
    "message": "Order Placed Successfully"
}
order is {"orders":["637c5f750162f37cc2ef8a95"],"productOrderId":["637c5f740162f37cc2ef8a8b"],"message":"Order Placed Successfully"}
the order  id 637c5f750162f37cc2ef8a95
Request method:	POST
Request URI:	https://rahulshettyacademy.com/api/ecom/order/create-order
Proxy:			<none>
Request params:	<none>
Query params:	<none>
Form params:	<none>
Path params:	<none>
Headers:		Authorization=eyJhbGciOiJIUzI1NiIsInR5cCI6IkpXVCJ9.eyJfaWQiOiI2Mzc0NjhmMWQ3Nzc4ZjU3OTczMjBjMWIiLCJ1c2VyRW1haWwiOiJteXN0dWR5QGdtYWlsLmNvbSIsInVzZXJNb2JpbGUiOjg0NDY4MTI5MTYsInVzZXJSb2xlIjoiY3VzdG9tZXIiLCJpYXQiOjE2NjkwOTUyODIsImV4cCI6MTcwMDY1Mjg4Mn0.YLO5OSGwIIAz4ttbkQxlvNdg3uTnhvDFbm3w493pGds
				Accept=*/*
				Content-Type=application/json
Cookies:		<none>
Multiparts:		<none>
Body:
{
    "orders": [
        {
            "country": "india",
            "productOrderedId": "637c5f740162f37cc2ef8a8b"
        }
    ]
}
The response time is 518 ms
header is Date=Tue, 22 Nov 2022 05:34:45 GMT
Server=Apache/2.4.41 (Ubuntu)
Content-Security-Policy=default-src 'self';base-uri 'self';block-all-mixed-content;font-src 'self' https: data:;frame-ancestors 'self';img-src 'self' data:;object-src 'none';script-src 'self';script-src-attr 'none';style-src 'self' https: 'unsafe-inline';upgrade-insecure-requests
X-DNS-Prefetch-Control=off
Expect-CT=max-age=0
X-Frame-Options=SAMEORIGIN
Strict-Transport-Security=max-age=15552000; includeSubDomains
X-Download-Options=noopen
X-Content-Type-Options=nosniff
X-Permitted-Cross-Domain-Policies=none
Referrer-Policy=no-referrer
X-XSS-Protection=0
Access-Control-Allow-Origin=*
Content-Type=application/json; charset=utf-8
Content-Length=123
ETag=W/"7b-6dCH6XcTJuGeUhISNFWVgcqUDTM"
Vary=Accept-Encoding
Keep-Alive=timeout=5, max=100
Connection=Keep-Alive
----------------------------------
]]></system-out>
  </testcase>
  <testcase name="getorder[org.testng.TestRunner@71c27ee8](1)" classname="ecom.Login" time="2.079">
    <system-out><![CDATA[-----------------------view -order-------------------------------------------
Request method:	GET
Request URI:	https://rahulshettyacademy.com/api/ecom/order/get-orders-details?id=637c5f750162f37cc2ef8a95
Proxy:			<none>
Request params:	<none>
Query params:	id=637c5f750162f37cc2ef8a95
Form params:	<none>
Path params:	<none>
Headers:		Authorization=eyJhbGciOiJIUzI1NiIsInR5cCI6IkpXVCJ9.eyJfaWQiOiI2Mzc0NjhmMWQ3Nzc4ZjU3OTczMjBjMWIiLCJ1c2VyRW1haWwiOiJteXN0dWR5QGdtYWlsLmNvbSIsInVzZXJNb2JpbGUiOjg0NDY4MTI5MTYsInVzZXJSb2xlIjoiY3VzdG9tZXIiLCJpYXQiOjE2NjkwOTUyODIsImV4cCI6MTcwMDY1Mjg4Mn0.YLO5OSGwIIAz4ttbkQxlvNdg3uTnhvDFbm3w493pGds
				Accept=*/*
Cookies:		<none>
Multiparts:		<none>
Body:			<none>
HTTP/1.1 200 OK
Date: Tue, 22 Nov 2022 05:34:46 GMT
Server: Apache/2.4.41 (Ubuntu)
Content-Security-Policy: default-src 'self';base-uri 'self';block-all-mixed-content;font-src 'self' https: data:;frame-ancestors 'self';img-src 'self' data:;object-src 'none';script-src 'self';script-src-attr 'none';style-src 'self' https: 'unsafe-inline';upgrade-insecure-requests
X-DNS-Prefetch-Control: off
Expect-CT: max-age=0
X-Frame-Options: SAMEORIGIN
Strict-Transport-Security: max-age=15552000; includeSubDomains
X-Download-Options: noopen
X-Content-Type-Options: nosniff
X-Permitted-Cross-Domain-Policies: none
Referrer-Policy: no-referrer
X-XSS-Protection: 0
Access-Control-Allow-Origin: *
Content-Type: application/json; charset=utf-8
Content-Length: 420
ETag: W/"1a4-2i8eX+tnwlEyfy2rLqpCvoTIQCo"
Vary: Accept-Encoding
Keep-Alive: timeout=5, max=100
Connection: Keep-Alive

{
    "data": {
        "_id": "637c5f750162f37cc2ef8a95",
        "orderById": "637468f1d7778f5797320c1b",
        "orderBy": "mystudy@gmail.com",
        "productOrderedId": "637c5f740162f37cc2ef8a8b",
        "productName": "Samsung tab",
        "country": "india",
        "productDescription": "samsung series",
        "productImage": "https://rahulshettyacademy.com/api/ecom/uploads/productImage_1669095284048.jpg",
        "orderPrice": "15500",
        "__v": 0
    },
    "message": "Orders fetched for customer Successfully"
}
the ordered details are = {"data":{"_id":"637c5f750162f37cc2ef8a95","orderById":"637468f1d7778f5797320c1b","orderBy":"mystudy@gmail.com","productOrderedId":"637c5f740162f37cc2ef8a8b","productName":"Samsung tab","country":"india","productDescription":"samsung series","productImage":"https://rahulshettyacademy.com/api/ecom/uploads/productImage_1669095284048.jpg","orderPrice":"15500","__v":0},"message":"Orders fetched for customer Successfully"}
product is ordered Samsung tab
Request method:	GET
Request URI:	https://rahulshettyacademy.com/api/ecom/order/get-orders-details?id=637c5f750162f37cc2ef8a95
Proxy:			<none>
Request params:	<none>
Query params:	id=637c5f750162f37cc2ef8a95
Form params:	<none>
Path params:	<none>
Headers:		Authorization=eyJhbGciOiJIUzI1NiIsInR5cCI6IkpXVCJ9.eyJfaWQiOiI2Mzc0NjhmMWQ3Nzc4ZjU3OTczMjBjMWIiLCJ1c2VyRW1haWwiOiJteXN0dWR5QGdtYWlsLmNvbSIsInVzZXJNb2JpbGUiOjg0NDY4MTI5MTYsInVzZXJSb2xlIjoiY3VzdG9tZXIiLCJpYXQiOjE2NjkwOTUyODIsImV4cCI6MTcwMDY1Mjg4Mn0.YLO5OSGwIIAz4ttbkQxlvNdg3uTnhvDFbm3w493pGds
				Accept=*/*
Cookies:		<none>
Multiparts:		<none>
Body:			<none>
The response time is 1060 ms
]]></system-out>
  </testcase>
  <testcase name="deleteproduct[org.testng.TestRunner@71c27ee8](1)" classname="ecom.Login" time="0.975">
    <system-out><![CDATA[------------------------product delete-------------------------------------------
Request method:	DELETE
Request URI:	https://rahulshettyacademy.com/api/ecom/product/delete-product/637c5f740162f37cc2ef8a8b
Proxy:			<none>
Request params:	<none>
Query params:	<none>
Form params:	<none>
Path params:	productId=637c5f740162f37cc2ef8a8b
Headers:		Authorization=eyJhbGciOiJIUzI1NiIsInR5cCI6IkpXVCJ9.eyJfaWQiOiI2Mzc0NjhmMWQ3Nzc4ZjU3OTczMjBjMWIiLCJ1c2VyRW1haWwiOiJteXN0dWR5QGdtYWlsLmNvbSIsInVzZXJNb2JpbGUiOjg0NDY4MTI5MTYsInVzZXJSb2xlIjoiY3VzdG9tZXIiLCJpYXQiOjE2NjkwOTUyODIsImV4cCI6MTcwMDY1Mjg4Mn0.YLO5OSGwIIAz4ttbkQxlvNdg3uTnhvDFbm3w493pGds
				Accept=*/*
				Content-Type=application/json
Cookies:		<none>
Multiparts:		<none>
Body:			<none>
HTTP/1.1 200 OK
Date: Tue, 22 Nov 2022 05:34:48 GMT
Server: Apache/2.4.41 (Ubuntu)
Content-Security-Policy: default-src 'self';base-uri 'self';block-all-mixed-content;font-src 'self' https: data:;frame-ancestors 'self';img-src 'self' data:;object-src 'none';script-src 'self';script-src-attr 'none';style-src 'self' https: 'unsafe-inline';upgrade-insecure-requests
X-DNS-Prefetch-Control: off
Expect-CT: max-age=0
X-Frame-Options: SAMEORIGIN
Strict-Transport-Security: max-age=15552000; includeSubDomains
X-Download-Options: noopen
X-Content-Type-Options: nosniff
X-Permitted-Cross-Domain-Policies: none
Referrer-Policy: no-referrer
X-XSS-Protection: 0
Access-Control-Allow-Origin: *
Content-Type: application/json; charset=utf-8
Content-Length: 42
ETag: W/"2a-2mOwR6FOFcYds+NaVy6wWIOyKCY"
Vary: Accept-Encoding
Keep-Alive: timeout=5, max=100
Connection: Keep-Alive

{
    "message": "Product Deleted Successfully"
}
]]></system-out>
  </testcase>
</testsuite>