<?xml version="1.0" encoding="UTF-8"?>
<testng-results ignored="0" total="5" passed="5" failed="0" skipped="0">
  <reporter-output>
  </reporter-output>
  <suite started-at="2022-11-22T10:57:35 IST" name="Suite" finished-at="2022-11-22T10:57:42 IST" duration-ms="7407">
    <groups>
    </groups>
    <test started-at="2022-11-22T10:57:35 IST" name="Test" finished-at="2022-11-22T10:57:42 IST" duration-ms="7407">
      <class name="ecom.Login">
        <test-method is-config="true" signature="setup()[pri:0, instance:ecom.Login@48d61b48]" started-at="2022-11-22T10:57:35 IST" name="setup" finished-at="2022-11-22T10:57:35 IST" duration-ms="4" status="PASS">
          <reporter-output>
          </reporter-output>
        </test-method> <!-- setup -->
        <test-method signature="logintest(org.testng.ITestContext)[pri:1, instance:ecom.Login@48d61b48]" started-at="2022-11-22T10:57:35 IST" name="logintest" finished-at="2022-11-22T10:57:38 IST" duration-ms="3174" status="PASS">
          <params>
            <param index="0">
              <value>
                <![CDATA[org.testng.TestRunner@19835e64]]>
              </value>
            </param>
          </params>
          <reporter-output>
          </reporter-output>
        </test-method> <!-- logintest -->
        <test-method is-config="true" signature="setup()[pri:0, instance:ecom.Login@48d61b48]" started-at="2022-11-22T10:57:38 IST" name="setup" finished-at="2022-11-22T10:57:38 IST" duration-ms="1" status="PASS">
          <reporter-output>
          </reporter-output>
        </test-method> <!-- setup -->
        <test-method signature="createproduct(org.testng.ITestContext)[pri:2, instance:ecom.Login@48d61b48]" started-at="2022-11-22T10:57:38 IST" name="createproduct" finished-at="2022-11-22T10:57:39 IST" duration-ms="1043" status="PASS">
          <params>
            <param index="0">
              <value>
                <![CDATA[org.testng.TestRunner@19835e64]]>
              </value>
            </param>
          </params>
          <reporter-output>
          </reporter-output>
        </test-method> <!-- createproduct -->
        <test-method is-config="true" signature="setup()[pri:0, instance:ecom.Login@48d61b48]" started-at="2022-11-22T10:57:39 IST" name="setup" finished-at="2022-11-22T10:57:39 IST" duration-ms="2" status="PASS">
          <reporter-output>
          </reporter-output>
        </test-method> <!-- setup -->
        <test-method signature="createorder(org.testng.ITestContext)[pri:3, instance:ecom.Login@48d61b48]" started-at="2022-11-22T10:57:39 IST" name="createorder" finished-at="2022-11-22T10:57:40 IST" duration-ms="1148" status="PASS">
          <params>
            <param index="0">
              <value>
                <![CDATA[org.testng.TestRunner@19835e64]]>
              </value>
            </param>
          </params>
          <reporter-output>
          </reporter-output>
        </test-method> <!-- createorder -->
        <test-method is-config="true" signature="setup()[pri:0, instance:ecom.Login@48d61b48]" started-at="2022-11-22T10:57:40 IST" name="setup" finished-at="2022-11-22T10:57:40 IST" duration-ms="0" status="PASS">
          <reporter-output>
          </reporter-output>
        </test-method> <!-- setup -->
        <test-method signature="getorder(org.testng.ITestContext)[pri:4, instance:ecom.Login@48d61b48]" started-at="2022-11-22T10:57:40 IST" name="getorder" finished-at="2022-11-22T10:57:41 IST" duration-ms="1130" status="PASS">
          <params>
            <param index="0">
              <value>
                <![CDATA[org.testng.TestRunner@19835e64]]>
              </value>
            </param>
          </params>
          <reporter-output>
          </reporter-output>
        </test-method> <!-- getorder -->
        <test-method is-config="true" signature="setup()[pri:0, instance:ecom.Login@48d61b48]" started-at="2022-11-22T10:57:41 IST" name="setup" finished-at="2022-11-22T10:57:41 IST" duration-ms="0" status="PASS">
          <reporter-output>
          </reporter-output>
        </test-method> <!-- setup -->
        <test-method signature="deleteproduct(org.testng.ITestContext)[pri:5, instance:ecom.Login@48d61b48]" started-at="2022-11-22T10:57:41 IST" name="deleteproduct" finished-at="2022-11-22T10:57:42 IST" duration-ms="852" status="PASS">
          <params>
            <param index="0">
              <value>
                <![CDATA[org.testng.TestRunner@19835e64]]>
              </value>
            </param>
          </params>
          <reporter-output>
          </reporter-output>
        </test-method> <!-- deleteproduct -->
      </class> <!-- ecom.Login -->
    </test> <!-- Test -->
  </suite> <!-- Suite -->
</testng-results>
